[10-09-2025 22:12:18.45] Starting Git commit and push... 
warning: in the working copy of 'Dockerfile', LF will be replaced by CRLF the next time Git touches it
warning: in the working copy of 'pom.xml', LF will be replaced by CRLF the next time Git touches it
warning: in the working copy of 'src/main/resources/application-prod.yml', LF will be replaced by CRLF the next time Git touches it
warning: in the working copy of 'src/main/resources/application.yml', LF will be replaced by CRLF the next time Git touches it
warning: in the working copy of 'src/main/resources/templates/fragments/layout.html', LF will be replaced by CRLF the next time Git touches it
warning: in the working copy of '.env', LF will be replaced by CRLF the next time Git touches it
warning: in the working copy of 'docker-compose.yml', LF will be replaced by CRLF the next time Git touches it
warning: in the working copy of 'logs/productivity-dashboard-2025-09-09.log', LF will be replaced by CRLF the next time Git touches it
warning: in the working copy of 'logs/productivity-dashboard.log', LF will be replaced by CRLF the next time Git touches it
warning: in the working copy of 'start.bat', LF will be replaced by CRLF the next time Git touches it
warning: in the working copy of 'stop.bat', LF will be replaced by CRLF the next time Git touches it
[main d789c08] Auto-commit: 2025-10-09 22:12:18
 13 files changed, 7809 insertions(+), 65 deletions(-)
 create mode 100644 .env
 create mode 100644 docker-compose.yml
 create mode 100644 git_operations.log
 create mode 100644 logs/productivity-dashboard-2025-09-09.log
 create mode 100644 logs/productivity-dashboard.log
 create mode 100644 start.bat
 create mode 100644 stop.bat
To https://github.com/rkabra1990/productivity-dashboard.git
   f26dabf..d789c08  main -> main
[10-09-2025 22:12:23.33] Git operations completed. 
[10-09-2025 22:15:46.78] Starting Git commit and push... 
warning: in the working copy of 'git_operations.log', LF will be replaced by CRLF the next time Git touches it
warning: in the working copy of 'logs/productivity-dashboard.log', LF will be replaced by CRLF the next time Git touches it
[main e94c870] Auto-commit: 2025-10-09 22:15:46
 2 files changed, 265 insertions(+)
To https://github.com/rkabra1990/productivity-dashboard.git
   d789c08..e94c870  main -> main
[10-09-2025 22:15:50.54] Git operations completed. 
[11-09-2025  8:09:39.22] Starting Git commit and push... 
warning: in the working copy of 'git_operations.log', LF will be replaced by CRLF the next time Git touches it
warning: in the working copy of 'logs/productivity-dashboard.log', LF will be replaced by CRLF the next time Git touches it
warning: in the working copy of 'src/main/java/com/yourapp/dashboard/productivity_dashboard/controller/TaskController.java', LF will be replaced by CRLF the next time Git touches it
warning: in the working copy of 'src/main/java/com/yourapp/dashboard/productivity_dashboard/model/Task.java', LF will be replaced by CRLF the next time Git touches it
warning: in the working copy of 'src/main/java/com/yourapp/dashboard/productivity_dashboard/service/TaskService.java', LF will be replaced by CRLF the next time Git touches it
warning: in the working copy of 'src/main/resources/templates/tasks.html', LF will be replaced by CRLF the next time Git touches it
warning: in the working copy of 'logs/productivity-dashboard-2025-09-10.log', LF will be replaced by CRLF the next time Git touches it
warning: in the working copy of 'src/main/resources/db/migration/V20231010_AddCompletionTimestampToTask.java', LF will be replaced by CRLF the next time Git touches it
[main f0feb09] Auto-commit: 2025-11-09  8:09:40
 8 files changed, 897 insertions(+), 606 deletions(-)
 create mode 100644 logs/productivity-dashboard-2025-09-10.log
 create mode 100644 src/main/resources/db/migration/V20231010_AddCompletionTimestampToTask.java
To https://github.com/rkabra1990/productivity-dashboard.git
   e94c870..f0feb09  main -> main
[11-09-2025  8:09:45.80] Git operations completed. 
[11-09-2025  9:10:13.39] Starting Git commit and push... 
warning: in the working copy of 'git_operations.log', LF will be replaced by CRLF the next time Git touches it
warning: in the working copy of 'logs/productivity-dashboard.log', LF will be replaced by CRLF the next time Git touches it
[main 0b7a56a] Auto-commit: 2025-11-09  9:10:14
 2 files changed, 1300 insertions(+)
To https://github.com/rkabra1990/productivity-dashboard.git
   f0feb09..0b7a56a  main -> main
[11-09-2025  9:10:18.00] Git operations completed. 
[11-09-2025 11:37:01.93] Starting Git commit and push... 
warning: in the working copy of 'git_operations.log', LF will be replaced by CRLF the next time Git touches it
[main 4522bfd] Auto-commit: 2025-11-09 11:37:02
 1 file changed, 8 insertions(+)
To https://github.com/rkabra1990/productivity-dashboard.git
   0b7a56a..4522bfd  main -> main
[11-09-2025 11:37:07.44] Git operations completed. 
[12-09-2025  6:57:12.14] Starting Git commit and push... 
warning: in the working copy of 'git_operations.log', LF will be replaced by CRLF the next time Git touches it
warning: in the working copy of 'logs/productivity-dashboard.log', LF will be replaced by CRLF the next time Git touches it
warning: in the working copy of 'src/main/java/com/yourapp/dashboard/productivity_dashboard/controller/TaskController.java', LF will be replaced by CRLF the next time Git touches it
warning: in the working copy of 'src/main/resources/templates/fragments/header.html', LF will be replaced by CRLF the next time Git touches it
warning: in the working copy of 'src/main/resources/templates/tasks.html', LF will be replaced by CRLF the next time Git touches it
warning: in the working copy of 'logs/productivity-dashboard-2025-09-11.log', LF will be replaced by CRLF the next time Git touches it
[main 6c1e87a] Auto-commit: 2025-12-09  6:57:12
 7 files changed, 2988 insertions(+), 174 deletions(-)
 create mode 100644 logs/productivity-dashboard-2025-09-11.log
 create mode 100644 update.log
To https://github.com/rkabra1990/productivity-dashboard.git
   4522bfd..6c1e87a  main -> main
[12-09-2025  6:57:17.75] Git operations completed. 
[12-09-2025  7:00:01.54] Starting Git commit and push... 
warning: in the working copy of 'git_operations.log', LF will be replaced by CRLF the next time Git touches it
warning: in the working copy of 'logs/productivity-dashboard.log', LF will be replaced by CRLF the next time Git touches it
warning: in the working copy of 'update.log', LF will be replaced by CRLF the next time Git touches it
[main 2592faf] Auto-commit: 2025-12-09  7:00:01
 3 files changed, 65 insertions(+)
To https://github.com/rkabra1990/productivity-dashboard.git
   6c1e87a..2592faf  main -> main
[12-09-2025  7:00:04.91] Git operations completed. 
[12-09-2025  8:28:54.39] Starting Git commit and push... 
warning: in the working copy of 'git_operations.log', LF will be replaced by CRLF the next time Git touches it
warning: in the working copy of 'logs/productivity-dashboard.log', LF will be replaced by CRLF the next time Git touches it
warning: in the working copy of 'src/main/java/com/yourapp/dashboard/productivity_dashboard/controller/TaskController.java', LF will be replaced by CRLF the next time Git touches it
warning: in the working copy of 'src/main/java/com/yourapp/dashboard/productivity_dashboard/service/TaskService.java', LF will be replaced by CRLF the next time Git touches it
warning: in the working copy of 'src/main/resources/templates/tasks.html', LF will be replaced by CRLF the next time Git touches it
warning: in the working copy of 'update.log', LF will be replaced by CRLF the next time Git touches it
[main e9475af] Auto-commit: 2025-12-09  8:28:54
 6 files changed, 3828 insertions(+), 80 deletions(-)
To https://github.com/rkabra1990/productivity-dashboard.git
   2592faf..e9475af  main -> main
[12-09-2025  8:28:58.58] Git operations completed. 
[13-09-2025 11:00:29.03] Starting Git commit and push... 
warning: in the working copy of 'git_operations.log', LF will be replaced by CRLF the next time Git touches it
warning: in the working copy of 'logs/productivity-dashboard.log', LF will be replaced by CRLF the next time Git touches it
warning: in the working copy of 'src/main/java/com/yourapp/dashboard/productivity_dashboard/controller/TaskController.java', LF will be replaced by CRLF the next time Git touches it
warning: in the working copy of 'src/main/java/com/yourapp/dashboard/productivity_dashboard/model/Habit.java', LF will be replaced by CRLF the next time Git touches it
warning: in the working copy of 'src/main/java/com/yourapp/dashboard/productivity_dashboard/model/HabitLog.java', LF will be replaced by CRLF the next time Git touches it
warning: in the working copy of 'src/main/java/com/yourapp/dashboard/productivity_dashboard/repository/HabitLogRepository.java', LF will be replaced by CRLF the next time Git touches it
warning: in the working copy of 'src/main/java/com/yourapp/dashboard/productivity_dashboard/repository/TaskRepository.java', LF will be replaced by CRLF the next time Git touches it
warning: in the working copy of 'src/main/java/com/yourapp/dashboard/productivity_dashboard/service/HabitService.java', LF will be replaced by CRLF the next time Git touches it
warning: in the working copy of 'src/main/java/com/yourapp/dashboard/productivity_dashboard/service/TaskService.java', LF will be replaced by CRLF the next time Git touches it
warning: in the working copy of 'src/main/resources/templates/habits.html', LF will be replaced by CRLF the next time Git touches it
warning: in the working copy of 'src/main/resources/templates/tasks.html', LF will be replaced by CRLF the next time Git touches it
warning: in the working copy of 'update.log', LF will be replaced by CRLF the next time Git touches it
warning: in the working copy of 'logs/productivity-dashboard-2025-09-12.log', LF will be replaced by CRLF the next time Git touches it
warning: in the working copy of 'src/main/java/com/yourapp/dashboard/productivity_dashboard/model/Recurrence.java', LF will be replaced by CRLF the next time Git touches it
warning: in the working copy of 'src/main/java/com/yourapp/dashboard/productivity_dashboard/service/HabitSchedulerService.java', LF will be replaced by CRLF the next time Git touches it
warning: in the working copy of 'src/main/java/com/yourapp/dashboard/productivity_dashboard/service/SleepWindow.java', LF will be replaced by CRLF the next time Git touches it
warning: in the working copy of 'src/main/resources/db/migration/V20240913_AddHabitSchedulingFields.java', LF will be replaced by CRLF the next time Git touches it
[main a502e59] Auto-commit: 2025-13-09 11:00:30
 18 files changed, 9556 insertions(+), 6238 deletions(-)
 create mode 100644 logs/productivity-dashboard-2025-09-12.log
 create mode 100644 src/main/java/com/yourapp/dashboard/productivity_dashboard/model/Recurrence.java
 create mode 100644 src/main/java/com/yourapp/dashboard/productivity_dashboard/service/HabitSchedulerService.java
 delete mode 100644 src/main/java/com/yourapp/dashboard/productivity_dashboard/service/Recurrence.java
 create mode 100644 src/main/java/com/yourapp/dashboard/productivity_dashboard/service/SleepWindow.java
 create mode 100644 src/main/resources/db/migration/V20240913_AddHabitSchedulingFields.java
To https://github.com/rkabra1990/productivity-dashboard.git
   e9475af..a502e59  main -> main
[13-09-2025 11:00:48.35] Git operations completed. 
[13-09-2025 12:00:01.55] Starting Git commit and push... 
warning: in the working copy of 'git_operations.log', LF will be replaced by CRLF the next time Git touches it
warning: in the working copy of 'logs/productivity-dashboard.log', LF will be replaced by CRLF the next time Git touches it
warning: in the working copy of 'src/main/java/com/yourapp/dashboard/productivity_dashboard/controller/HabitController.java', LF will be replaced by CRLF the next time Git touches it
warning: in the working copy of 'src/main/java/com/yourapp/dashboard/productivity_dashboard/model/Habit.java', LF will be replaced by CRLF the next time Git touches it
warning: in the working copy of 'src/main/java/com/yourapp/dashboard/productivity_dashboard/repository/HabitLogRepository.java', LF will be replaced by CRLF the next time Git touches it
warning: in the working copy of 'src/main/java/com/yourapp/dashboard/productivity_dashboard/repository/HabitRepository.java', LF will be replaced by CRLF the next time Git touches it
warning: in the working copy of 'src/main/java/com/yourapp/dashboard/productivity_dashboard/service/HabitSchedulerService.java', LF will be replaced by CRLF the next time Git touches it
warning: in the working copy of 'src/main/java/com/yourapp/dashboard/productivity_dashboard/service/HabitService.java', LF will be replaced by CRLF the next time Git touches it
warning: in the working copy of 'src/main/resources/templates/habits.html', LF will be replaced by CRLF the next time Git touches it
warning: in the working copy of 'update.log', LF will be replaced by CRLF the next time Git touches it
[main aa881cf] Auto-commit: 2025-13-09 12:00:01
 11 files changed, 2775 insertions(+), 514 deletions(-)
 delete mode 100644 src/main/java/com/yourapp/dashboard/productivity_dashboard/service/SleepWindow.java
To https://github.com/rkabra1990/productivity-dashboard.git
   a502e59..aa881cf  main -> main
[13-09-2025 12:00:04.76] Git operations completed. 
[13-09-2025 13:00:01.55] Starting Git commit and push... 
warning: in the working copy of 'git_operations.log', LF will be replaced by CRLF the next time Git touches it
warning: in the working copy of 'logs/productivity-dashboard.log', LF will be replaced by CRLF the next time Git touches it
warning: in the working copy of 'src/main/java/com/yourapp/dashboard/productivity_dashboard/controller/HabitController.java', LF will be replaced by CRLF the next time Git touches it
warning: in the working copy of 'src/main/java/com/yourapp/dashboard/productivity_dashboard/service/HabitService.java', LF will be replaced by CRLF the next time Git touches it
warning: in the working copy of 'update.log', LF will be replaced by CRLF the next time Git touches it
[main 9e5ae50] Auto-commit: 2025-13-09 13:00:01
 5 files changed, 1526 insertions(+), 36 deletions(-)
To https://github.com/rkabra1990/productivity-dashboard.git
   aa881cf..9e5ae50  main -> main
[13-09-2025 13:00:03.99] Git operations completed. 
[13-09-2025 14:00:01.55] Starting Git commit and push... 
warning: in the working copy of 'git_operations.log', LF will be replaced by CRLF the next time Git touches it
warning: in the working copy of 'logs/productivity-dashboard.log', LF will be replaced by CRLF the next time Git touches it
warning: in the working copy of 'src/main/java/com/yourapp/dashboard/productivity_dashboard/controller/HabitController.java', LF will be replaced by CRLF the next time Git touches it
warning: in the working copy of 'src/main/java/com/yourapp/dashboard/productivity_dashboard/service/HabitService.java', LF will be replaced by CRLF the next time Git touches it
warning: in the working copy of 'src/main/resources/templates/habits.html', LF will be replaced by CRLF the next time Git touches it
warning: in the working copy of 'update.log', LF will be replaced by CRLF the next time Git touches it
[main dee3f7b] Auto-commit: 2025-13-09 14:00:01
 6 files changed, 2732 insertions(+), 182 deletions(-)
To https://github.com/rkabra1990/productivity-dashboard.git
   9e5ae50..dee3f7b  main -> main
[13-09-2025 14:00:04.20] Git operations completed. 
[13-09-2025 15:00:01.57] Starting Git commit and push... 
warning: in the working copy of 'git_operations.log', LF will be replaced by CRLF the next time Git touches it
warning: in the working copy of 'logs/productivity-dashboard.log', LF will be replaced by CRLF the next time Git touches it
warning: in the working copy of 'src/main/java/com/yourapp/dashboard/productivity_dashboard/controller/HabitController.java', LF will be replaced by CRLF the next time Git touches it
warning: in the working copy of 'src/main/java/com/yourapp/dashboard/productivity_dashboard/model/Habit.java', LF will be replaced by CRLF the next time Git touches it
warning: in the working copy of 'src/main/java/com/yourapp/dashboard/productivity_dashboard/service/HabitService.java', LF will be replaced by CRLF the next time Git touches it
warning: in the working copy of 'src/main/resources/templates/habits.html', LF will be replaced by CRLF the next time Git touches it
warning: in the working copy of 'update.log', LF will be replaced by CRLF the next time Git touches it
[main f510c08] Auto-commit: 2025-13-09 15:00:01
 7 files changed, 1035 insertions(+), 116 deletions(-)
To https://github.com/rkabra1990/productivity-dashboard.git
   dee3f7b..f510c08  main -> main
[13-09-2025 15:00:04.87] Git operations completed. 
[13-09-2025 17:15:41.87] Starting Git commit and push... 
warning: in the working copy of 'git_operations.log', LF will be replaced by CRLF the next time Git touches it
warning: in the working copy of 'logs/productivity-dashboard.log', LF will be replaced by CRLF the next time Git touches it
warning: in the working copy of 'src/main/java/com/yourapp/dashboard/productivity_dashboard/config/DatabaseConfig.java', LF will be replaced by CRLF the next time Git touches it
warning: in the working copy of 'src/main/java/com/yourapp/dashboard/productivity_dashboard/controller/HabitController.java', LF will be replaced by CRLF the next time Git touches it
warning: in the working copy of 'src/main/java/com/yourapp/dashboard/productivity_dashboard/model/Habit.java', LF will be replaced by CRLF the next time Git touches it
warning: in the working copy of 'src/main/java/com/yourapp/dashboard/productivity_dashboard/repository/HabitLogRepository.java', LF will be replaced by CRLF the next time Git touches it
warning: in the working copy of 'src/main/java/com/yourapp/dashboard/productivity_dashboard/service/HabitService.java', LF will be replaced by CRLF the next time Git touches it
warning: in the working copy of 'src/main/resources/application-prod.yml', LF will be replaced by CRLF the next time Git touches it
warning: in the working copy of 'update.log', LF will be replaced by CRLF the next time Git touches it
warning: in the working copy of 'src/main/java/com/yourapp/dashboard/productivity_dashboard/repository/HabitLogRepositoryCustom.java', LF will be replaced by CRLF the next time Git touches it
warning: in the working copy of 'src/main/java/com/yourapp/dashboard/productivity_dashboard/repository/HabitLogRepositoryImpl.java', LF will be replaced by CRLF the next time Git touches it
warning: in the working copy of 'src/main/java/com/yourapp/dashboard/productivity_dashboard/service/HabitProcessingService.java', LF will be replaced by CRLF the next time Git touches it
[main cfa6a43] Auto-commit: 2025-13-09 17:15:42
 12 files changed, 1451 insertions(+), 385 deletions(-)
 create mode 100644 src/main/java/com/yourapp/dashboard/productivity_dashboard/repository/HabitLogRepositoryCustom.java
 create mode 100644 src/main/java/com/yourapp/dashboard/productivity_dashboard/repository/HabitLogRepositoryImpl.java
 create mode 100644 src/main/java/com/yourapp/dashboard/productivity_dashboard/service/HabitProcessingService.java
To https://github.com/rkabra1990/productivity-dashboard.git
   f510c08..cfa6a43  main -> main
[13-09-2025 17:15:45.82] Git operations completed. 
[13-09-2025 18:00:01.57] Starting Git commit and push... 
