[12-09-2025  6:57:12.13] Starting update process... 
Stopping existing containers... 
time="2025-09-12T06:57:12+05:30" level=warning msg="D:\\Intellij\\productivity-dashboard\\docker-compose.yml: the attribute `version` is obsolete, it will be ignored, please remove it to avoid potential confusion"
 Container productivity-app  Stopping
 Container productivity-app  Stopped
 Container productivity-app  Removing
 Container productivity-app  Removed
 Network productivity-dashboard_default  Removing
 Network productivity-dashboard_default  Removed
Fetching latest changes... 
Checking for updates... 
No updates available. 
time="2025-09-12T06:57:15+05:30" level=warning msg="D:\\Intellij\\productivity-dashboard\\docker-compose.yml: the attribute `version` is obsolete, it will be ignored, please remove it to avoid potential confusion"
 Network productivity-dashboard_default  Creating
 Network productivity-dashboard_default  Created
 Container productivity-app  Creating
 Container productivity-app  Created
 Container productivity-app  Starting
 Container productivity-app  Started
[12-09-2025  6:57:16.40] Update process completed. 
[12-09-2025  8:28:54.39] Starting update process... 
Stopping existing containers... 
time="2025-09-12T08:28:57+05:30" level=warning msg="D:\\Intellij\\productivity-dashboard\\docker-compose.yml: the attribute `version` is obsolete, it will be ignored, please remove it to avoid potential confusion"

[13-09-2025 11:00:28.78] Starting update process... 
Stopping existing containers... 
time="2025-09-13T11:00:29+05:30" level=warning msg="D:\\Intellij\\productivity-dashboard\\docker-compose.yml: the attribute `version` is obsolete, it will be ignored, please remove it to avoid potential confusion"
 Container productivity-app  Stopping
 Container productivity-app  Stopped
 Container productivity-app  Removing
 Container productivity-app  Removed
 Network productivity-dashboard_default  Removing
 Network productivity-dashboard_default  Removed
Fetching latest changes... 
Checking for updates... 
No updates available. 
time="2025-09-13T11:00:43+05:30" level=warning msg="D:\\Intellij\\productivity-dashboard\\docker-compose.yml: the attribute `version` is obsolete, it will be ignored, please remove it to avoid potential confusion"
 Network productivity-dashboard_default  Creating
 Network productivity-dashboard_default  Created
 Container productivity-app  Creating
 Container productivity-app  Created
 Container productivity-app  Starting
 Container productivity-app  Started
[13-09-2025 11:00:46.11] Update process completed. 
[13-09-2025 11:15:01.57] Starting update process... 
Stopping existing containers... 
time="2025-09-13T11:15:01+05:30" level=warning msg="D:\\Intellij\\productivity-dashboard\\docker-compose.yml: the attribute `version` is obsolete, it will be ignored, please remove it to avoid potential confusion"
Fetching latest changes... 
Checking for updates... 
No updates available. 
time="2025-09-13T11:15:03+05:30" level=warning msg="D:\\Intellij\\productivity-dashboard\\docker-compose.yml: the attribute `version` is obsolete, it will be ignored, please remove it to avoid potential confusion"
 Network productivity-dashboard_default  Creating
 Network productivity-dashboard_default  Created
 Container productivity-app  Creating
 Container productivity-app  Created
 Container productivity-app  Starting
 Container productivity-app  Started
[13-09-2025 11:15:03.87] Update process completed. 
